2021/07/18 17:27:55 [notice] 1#1: using the "epoll" event method
2021/07/18 17:27:55 [notice] 1#1: nginx/1.21.0
2021/07/18 17:27:55 [notice] 1#1: built by gcc 8.3.0 (Debian 8.3.0-6) 
2021/07/18 17:27:55 [notice] 1#1: OS: Linux 5.8.0-55-generic
2021/07/18 17:27:55 [notice] 1#1: getrlimit(RLIMIT_NOFILE): 1048576:1048576
2021/07/18 17:27:55 [notice] 1#1: start worker processes
2021/07/18 17:27:55 [notice] 1#1: start worker process 22
2021/07/18 17:27:55 [notice] 1#1: start worker process 23
2021/07/18 17:27:55 [notice] 1#1: start worker process 24
2021/07/18 17:27:55 [notice] 1#1: start worker process 25
2021/07/18 17:28:00 [notice] 1#1: signal 3 (SIGQUIT) received, shutting down
2021/07/18 17:28:00 [notice] 22#22: gracefully shutting down
2021/07/18 17:28:00 [notice] 25#25: gracefully shutting down
2021/07/18 17:28:00 [notice] 23#23: gracefully shutting down
2021/07/18 17:28:00 [notice] 22#22: exiting
2021/07/18 17:28:00 [notice] 25#25: exiting
2021/07/18 17:28:00 [notice] 23#23: exiting
2021/07/18 17:28:00 [notice] 22#22: exit
2021/07/18 17:28:00 [notice] 25#25: exit
2021/07/18 17:28:00 [notice] 23#23: exit
2021/07/18 17:28:00 [notice] 24#24: gracefully shutting down
2021/07/18 17:28:00 [notice] 24#24: exiting
2021/07/18 17:28:00 [notice] 24#24: exit
2021/07/18 17:28:00 [notice] 1#1: signal 17 (SIGCHLD) received from 25
2021/07/18 17:28:00 [notice] 1#1: worker process 23 exited with code 0
2021/07/18 17:28:00 [notice] 1#1: worker process 24 exited with code 0
2021/07/18 17:28:00 [notice] 1#1: worker process 25 exited with code 0
2021/07/18 17:28:00 [notice] 1#1: signal 29 (SIGIO) received
2021/07/18 17:28:00 [notice] 1#1: signal 17 (SIGCHLD) received from 22
2021/07/18 17:28:00 [notice] 1#1: worker process 22 exited with code 0
2021/07/18 17:28:00 [notice] 1#1: exit
2021/07/18 17:28:05 [notice] 1#1: using the "epoll" event method
2021/07/18 17:28:05 [notice] 1#1: nginx/1.21.0
2021/07/18 17:28:05 [notice] 1#1: built by gcc 8.3.0 (Debian 8.3.0-6) 
2021/07/18 17:28:05 [notice] 1#1: OS: Linux 5.8.0-55-generic
2021/07/18 17:28:05 [notice] 1#1: getrlimit(RLIMIT_NOFILE): 1048576:1048576
2021/07/18 17:28:05 [notice] 1#1: start worker processes
2021/07/18 17:28:05 [notice] 1#1: start worker process 22
2021/07/18 17:28:05 [notice] 1#1: start worker process 23
2021/07/18 17:28:05 [notice] 1#1: start worker process 24
2021/07/18 17:28:05 [notice] 1#1: start worker process 25
